caratApp/build/outputs/logs/manifest-merger-debug-report.txt
-- Merging decision tree log ---
manifest
ADDED from src\main\AndroidManifest.xml:2:1-143:12
	package
		ADDED from src\main\AndroidManifest.xml:3:5-51
		INJECTED from src\main\AndroidManifest.xml
		INJECTED from src\main\AndroidManifest.xml
	android:versionName
		ADDED from src\main\AndroidManifest.xml:5:5-47
	android:versionCode
		ADDED from src\main\AndroidManifest.xml:4:5-29
		INJECTED from src\main\AndroidManifest.xml
		INJECTED from src\main\AndroidManifest.xml
	xmlns:android
		ADDED from src\main\AndroidManifest.xml:2:11-69
uses-sdk
ADDED from src\main\AndroidManifest.xml:7:5-9:41
MERGED from [android_carat:androidswitchbackport:unspecified] AndroidManifest.xml:31:5-33:41
MERGED from [android_carat:androidsupportv4preferencefragment:unspecified] AndroidManifest.xml:20:5-22:40
MERGED from [com.android.support:support-v4:23.0.1] AndroidManifest.xml:20:5-43
MERGED from [com.android.support:appcompat-v7:22.2.1] AndroidManifest.xml:20:5-43
MERGED from [com.android.support:support-v4:23.0.1] AndroidManifest.xml:20:5-43
MERGED from [android_carat:mPChartLib:unspecified] AndroidManifest.xml:7:5-9:41
MERGED from [com.android.support:support-v4:23.0.1] AndroidManifest.xml:20:5-43
MERGED from [com.android.support:support-v4:23.0.1] AndroidManifest.xml:20:5-43
MERGED from [com.android.support:appcompat-v7:22.2.1] AndroidManifest.xml:20:5-43
MERGED from [com.android.support:support-v4:23.0.1] AndroidManifest.xml:20:5-43
	android:targetSdkVersion
		ADDED from src\main\AndroidManifest.xml:9:9-38
		INJECTED from src\main\AndroidManifest.xml
		INJECTED from src\main\AndroidManifest.xml
	android:minSdkVersion
		ADDED from src\main\AndroidManifest.xml:8:9-34
		INJECTED from src\main\AndroidManifest.xml
		INJECTED from src\main\AndroidManifest.xml
uses-permission#android.permission.RECEIVE_BOOT_COMPLETED
ADDED from src\main\AndroidManifest.xml:15:5-81
	android:name
		ADDED from src\main\AndroidManifest.xml:15:22-78
uses-permission#android.permission.INTERNET
ADDED from src\main\AndroidManifest.xml:17:5-67
	android:name
		ADDED from src\main\AndroidManifest.xml:17:22-64
uses-permission#android.permission.ACCESS_WIFI_STATE
ADDED from src\main\AndroidManifest.xml:19:5-76
	android:name
		ADDED from src\main\AndroidManifest.xml:19:22-73
uses-permission#android.permission.CHANGE_WIFI_STATE
ADDED from src\main\AndroidManifest.xml:21:5-76
	android:name
		ADDED from src\main\AndroidManifest.xml:21:22-73
uses-permission#android.permission.WAKE_LOCK
ADDED from src\main\AndroidManifest.xml:23:5-68
	android:name
		ADDED from src\main\AndroidManifest.xml:23:22-65
uses-permission#android.permission.ACCESS_NETWORK_STATE
ADDED from src\main\AndroidManifest.xml:24:5-79
	android:name
		ADDED from src\main\AndroidManifest.xml:24:22-76
uses-permission#android.permission.READ_PHONE_STATE
ADDED from src\main\AndroidManifest.xml:26:5-75
	android:name
		ADDED from src\main\AndroidManifest.xml:26:22-72
uses-permission#android.permission.BLUETOOTH
ADDED from src\main\AndroidManifest.xml:27:5-68
	android:name
		ADDED from src\main\AndroidManifest.xml:27:22-65
uses-permission#android.permission.ACCESS_COARSE_LOCATION
ADDED from src\main\AndroidManifest.xml:28:5-81
	android:name
		ADDED from src\main\AndroidManifest.xml:28:22-78
uses-permission#android.permission.READ_SYNC_SETTINGS
ADDED from src\main\AndroidManifest.xml:29:5-77
	android:name
		ADDED from src\main\AndroidManifest.xml:29:22-74
uses-permission#android.permission.BROADCAST_STICKY
ADDED from src\main\AndroidManifest.xml:31:5-75
	android:name
		ADDED from src\main\AndroidManifest.xml:31:22-72
uses-permission#android.permission.KILL_BACKGROUND_PROCESSES
ADDED from src\main\AndroidManifest.xml:33:5-84
	android:name
		ADDED from src\main\AndroidManifest.xml:33:22-81
android:uses-permission#android.permission.WRITE_EXTERNAL_STORAGE
ADDED from src\main\AndroidManifest.xml:35:5-89
	android:name
		ADDED from src\main\AndroidManifest.xml:35:30-86
android:uses-permission#android.permission.READ_EXTERNAL_STORAGE
ADDED from src\main\AndroidManifest.xml:36:5-88
	android:name
		ADDED from src\main\AndroidManifest.xml:36:30-85
application
ADDED from src\main\AndroidManifest.xml:40:5-141:19
MERGED from [android_carat:androidswitchbackport:unspecified] AndroidManifest.xml:35:5-20
MERGED from [android_carat:androidsupportv4preferencefragment:unspecified] AndroidManifest.xml:24:5-20
MERGED from [com.android.support:support-v4:23.0.1] AndroidManifest.xml:22:5-20
MERGED from [com.android.support:appcompat-v7:22.2.1] AndroidManifest.xml:22:5-20
MERGED from [com.android.support:support-v4:23.0.1] AndroidManifest.xml:22:5-20
MERGED from [com.android.support:support-v4:23.0.1] AndroidManifest.xml:22:5-20
MERGED from [com.android.support:support-v4:23.0.1] AndroidManifest.xml:22:5-20
MERGED from [com.android.support:appcompat-v7:22.2.1] AndroidManifest.xml:22:5-20
MERGED from [com.android.support:support-v4:23.0.1] AndroidManifest.xml:22:5-20
	android:enabled
		ADDED from src\main\AndroidManifest.xml:43:9-31
	android:label
		ADDED from src\main\AndroidManifest.xml:45:9-41
	android:allowBackup
		ADDED from src\main\AndroidManifest.xml:42:9-35
	android:icon
		ADDED from src\main\AndroidManifest.xml:44:9-45
	android:theme
		ADDED from src\main\AndroidManifest.xml:46:9-40
	android:name
		ADDED from src\main\AndroidManifest.xml:41:9-41
activity#edu.berkeley.cs.amplab.carat.android.MainActivity
ADDED from src\main\AndroidManifest.xml:47:9-57:20
	android:screenOrientation
		ADDED from src\main\AndroidManifest.xml:51:13-49
	android:label
		ADDED from src\main\AndroidManifest.xml:50:13-45
	android:configChanges
		ADDED from src\main\AndroidManifest.xml:49:13-74
	android:name
		ADDED from src\main\AndroidManifest.xml:48:13-41
intent-filter#android.intent.action.MAIN+android.intent.category.LAUNCHER
ADDED from src\main\AndroidManifest.xml:52:13-56:29
action#android.intent.action.MAIN
ADDED from src\main\AndroidManifest.xml:53:17-69
	android:name
		ADDED from src\main\AndroidManifest.xml:53:25-66
category#android.intent.category.LAUNCHER
ADDED from src\main\AndroidManifest.xml:55:17-77
	android:name
		ADDED from src\main\AndroidManifest.xml:55:27-74
receiver#edu.berkeley.cs.amplab.carat.android.sampling.BootReceiver
ADDED from src\main\AndroidManifest.xml:59:9-67:20
	android:enabled
		ADDED from src\main\AndroidManifest.xml:61:13-35
	android:label
		ADDED from src\main\AndroidManifest.xml:63:13-48
	android:exported
		ADDED from src\main\AndroidManifest.xml:62:13-36
	android:name
		ADDED from src\main\AndroidManifest.xml:60:13-50
intent-filter#android.intent.action.BOOT_COMPLETED
ADDED from src\main\AndroidManifest.xml:64:13-66:29
action#android.intent.action.BOOT_COMPLETED
ADDED from src\main\AndroidManifest.xml:65:17-79
	android:name
		ADDED from src\main\AndroidManifest.xml:65:25-76
receiver#edu.berkeley.cs.amplab.carat.android.sampling.Sampler
ADDED from src\main\AndroidManifest.xml:68:9-112:20
	android:enabled
		ADDED from src\main\AndroidManifest.xml:70:13-35
	android:label
		ADDED from src\main\AndroidManifest.xml:72:13-42
	android:exported
		ADDED from src\main\AndroidManifest.xml:71:13-36
	android:name
		ADDED from src\main\AndroidManifest.xml:69:13-45
intent-filter#android.intent.action.ACTION_POWER_CONNECTED+android.intent.action.ACTION_POWER_DISCONNECTED+android.intent.action.PACKAGE_REMOVED+android.intent.action.TIMEZONE_CHANGED+edu.berkeley.cs.amplab.carat.android.ACTION_SAMPLE
ADDED from src\main\AndroidManifest.xml:73:13-111:29
action#android.intent.action.TIMEZONE_CHANGED
ADDED from src\main\AndroidManifest.xml:98:17-81
	android:name
		ADDED from src\main\AndroidManifest.xml:98:25-78
action#android.intent.action.PACKAGE_REMOVED
ADDED from src\main\AndroidManifest.xml:99:17-80
	android:name
		ADDED from src\main\AndroidManifest.xml:99:25-77
data
ADDED from src\main\AndroidManifest.xml:101:17-50
	android:scheme
		ADDED from src\main\AndroidManifest.xml:101:23-47
action#android.intent.action.ACTION_POWER_CONNECTED
ADDED from src\main\AndroidManifest.xml:107:17-87
	android:name
		ADDED from src\main\AndroidManifest.xml:107:25-84
action#android.intent.action.ACTION_POWER_DISCONNECTED
ADDED from src\main\AndroidManifest.xml:108:17-90
	android:name
		ADDED from src\main\AndroidManifest.xml:108:25-87
action#edu.berkeley.cs.amplab.carat.android.ACTION_SAMPLE
ADDED from src\main\AndroidManifest.xml:110:17-93
	android:name
		ADDED from src\main\AndroidManifest.xml:110:25-90
service#edu.berkeley.cs.amplab.carat.android.sampling.SamplerService
ADDED from src\main\AndroidManifest.xml:114:9-116:47
	android:label
		ADDED from src\main\AndroidManifest.xml:116:13-44
	android:name
		ADDED from src\main\AndroidManifest.xml:115:13-52
receiver#edu.berkeley.cs.amplab.carat.android.sampling.InstallReceiver
ADDED from src\main\AndroidManifest.xml:118:9-128:20
	android:label
		ADDED from src\main\AndroidManifest.xml:120:13-57
	android:name
		ADDED from src\main\AndroidManifest.xml:119:13-53
intent-filter#android.intent.action.PACKAGE_ADDED+android.intent.action.PACKAGE_REMOVED+android.intent.action.PACKAGE_REPLACED
ADDED from src\main\AndroidManifest.xml:121:13-127:29
action#android.intent.action.PACKAGE_ADDED
ADDED from src\main\AndroidManifest.xml:122:17-78
	android:name
		ADDED from src\main\AndroidManifest.xml:122:25-75
action#android.intent.action.PACKAGE_REPLACED
ADDED from src\main\AndroidManifest.xml:124:17-81
	android:name
		ADDED from src\main\AndroidManifest.xml:124:25-78
activity#edu.berkeley.cs.amplab.carat.android.activities.TutorialActivity
ADDED from src\main\AndroidManifest.xml:130:9-135:20
	android:screenOrientation
		ADDED from src\main\AndroidManifest.xml:134:13-49
	android:label
		ADDED from src\main\AndroidManifest.xml:132:13-60
	android:theme
		ADDED from src\main\AndroidManifest.xml:133:13-69
	android:name
		ADDED from src\main\AndroidManifest.xml:131:13-56
activity#edu.berkeley.cs.amplab.carat.android.activities.DashboardActivity
ADDED from src\main\AndroidManifest.xml:136:9-140:20
	android:screenOrientation
		ADDED from src\main\AndroidManifest.xml:139:13-49
	android:label
		ADDED from src\main\AndroidManifest.xml:138:13-61
	android:name
		ADDED from src\main\AndroidManifest.xml:137:13-57